d:\2022학년도 1학기\컴퓨터 그래픽스\로봇\robot (1)\robot\debug\vc143.pdb
d:\2022학년도 1학기\컴퓨터 그래픽스\로봇\robot (1)\robot\debug\vc143.idb
d:\2022학년도 1학기\컴퓨터 그래픽스\로봇\robot (1)\robot\debug\robot.obj
c:\users\dnr20\onedrive\문서\github\opengl\robot (1)\robot\debug\vc143.pdb
d:\2022학년도 1학기\컴퓨터 그래픽스\로봇\robot (1)\robot\debug\robot.exe
d:\2022학년도 1학기\컴퓨터 그래픽스\로봇\robot (1)\robot\debug\robot.ilk
d:\2022학년도 1학기\컴퓨터 그래픽스\로봇\robot (1)\robot\debug\robot.pdb
c:\users\dnr20\onedrive\문서\github\opengl\robot (1)\robot\debug\7_1.obj
c:\users\dnr20\onedrive\문서\github\opengl\robot (1)\robot\debug\jjob_robot.obj
c:\users\dnr20\onedrive\문서\github\opengl\robot (1)\robot\debug\oprobot.obj
c:\users\dnr20\onedrive\문서\github\opengl\robot (1)\robot\debug\robot.obj
c:\users\dnr20\onedrive\문서\github\opengl\robot (1)\robot\debug\robot_rr.obj
c:\users\dnr20\onedrive\문서\github\opengl\robot (1)\robot\debug\robot.ilk
c:\users\dnr20\onedrive\문서\github\opengl\robot (1)\robot\debug\vc142.idb
c:\users\dnr20\onedrive\문서\github\opengl\robot (1)\robot\debug\vc143.idb
c:\users\dnr20\onedrive\문서\github\opengl\robot (1)\robot\debug\robot.pdb
c:\users\dnr20\onedrive\문서\github\opengl\robot (1)\robot\debug\vc142.pdb
c:\users\dnr20\onedrive\문서\github\opengl\robot (1)\robot\debug\robot.exe
c:\users\dnr20\onedrive\문서\github\opengl\robot (1)\robot\debug\robot.tlog\cl.command.1.tlog
c:\users\dnr20\onedrive\문서\github\opengl\robot (1)\robot\debug\robot.tlog\cl.read.1.tlog
c:\users\dnr20\onedrive\문서\github\opengl\robot (1)\robot\debug\robot.tlog\cl.write.1.tlog
c:\users\dnr20\onedrive\문서\github\opengl\robot (1)\robot\debug\robot.tlog\link.command.1.tlog
c:\users\dnr20\onedrive\문서\github\opengl\robot (1)\robot\debug\robot.tlog\link.read.1.tlog
c:\users\dnr20\onedrive\문서\github\opengl\robot (1)\robot\debug\robot.tlog\link.write.1.tlog
